23:39:32.962 [main] INFO  com.phonebook.TestBase -- *****Testing in progress*****
23:39:35.318 [main] INFO  com.phonebook.TestBase -- test is started: [loginExistedUserPositiveTest1]
23:39:36.801 [main] INFO  com.phonebook.TestBase -- test is passed: [loginExistedUserPositiveTest1]
23:39:36.806 [main] INFO  com.phonebook.TestBase -- test is started: [loginExistedUserPositiveTest2]
23:39:37.549 [main] INFO  com.phonebook.TestBase -- test is passed: [loginExistedUserPositiveTest2]
23:39:37.553 [main] INFO  com.phonebook.TestBase -- test is started: [loginNegativeWOEmailTest]
23:39:43.414 [main] INFO  com.phonebook.TestBase -- test is passed: [loginNegativeWOEmailTest]
23:39:43.416 [main] INFO  com.phonebook.TestBase -- test is started: [isHomeComponentPresentTest]
23:39:49.716 [main] INFO  com.phonebook.TestBase -- Test is FAILED: [isHomeComponentPresentTest], Screenshot: [C:\QAautoPhonebook\PhoneBook_2\src\test_screenshots\screen-1728509989484.png]
23:39:49.718 [main] INFO  com.phonebook.TestBase -- test is started: [addContactPositiveTest]
23:39:54.806 [main] INFO  com.phonebook.TestBase -- test is started: [createOneAndDeleteOneContactTest]
23:39:59.831 [main] INFO  com.phonebook.TestBase -- test is started: [createAccountLoginPositiveTest]
23:40:05.200 [main] INFO  com.phonebook.TestBase -- Test is FAILED: [createAccountLoginPositiveTest], Screenshot: [C:\QAautoPhonebook\PhoneBook_2\src\test_screenshots\screen-1728510004985.png]
23:40:05.202 [main] INFO  com.phonebook.TestBase -- test is started: [createAccountNegativeTest]
23:40:11.869 [main] INFO  com.phonebook.TestBase -- test is passed: [createAccountNegativeTest]
23:40:11.870 [main] INFO  com.phonebook.TestBase -- test is started: [createAccountPositiveTest1]
23:40:12.974 [main] INFO  com.phonebook.TestBase -- test is passed: [createAccountPositiveTest1]
23:40:12.976 [main] INFO  com.phonebook.TestBase -- test is started: [createAccountPositiveTest2]
23:40:13.891 [main] INFO  com.phonebook.TestBase -- test is passed: [createAccountPositiveTest2]
