18:28:14.923 [main] INFO  com.phonebook.TestBase -- *****Testing in progress*****
18:28:18.116 [main] INFO  com.phonebook.TestBase -- test is started: [createAccountLoginPositiveTest]
18:28:20.634 [main] INFO  com.phonebook.TestBase -- test is passed: [createAccountLoginPositiveTest]
18:28:20.640 [main] INFO  com.phonebook.TestBase -- test is started: [createAccountNegativeTest]
18:28:25.948 [main] INFO  com.phonebook.TestBase -- Test is FAILED: [createAccountNegativeTest], Screenshot: [C:\QAautoPhonebook\PhoneBook_2\src\test_screenshots\screen-1728491305696.png]
18:28:25.950 [main] INFO  com.phonebook.TestBase -- test is started: [createAccountPositiveTest1]
18:28:31.222 [main] INFO  com.phonebook.TestBase -- Test is FAILED: [createAccountPositiveTest1], Screenshot: [C:\QAautoPhonebook\PhoneBook_2\src\test_screenshots\screen-1728491311003.png]
18:28:31.224 [main] INFO  com.phonebook.TestBase -- test is started: [createAccountPositiveTest2]
18:28:36.535 [main] INFO  com.phonebook.TestBase -- Test is FAILED: [createAccountPositiveTest2], Screenshot: [C:\QAautoPhonebook\PhoneBook_2\src\test_screenshots\screen-1728491316262.png]
18:28:36.543 [main] INFO  com.phonebook.TestBase -- *****Tests Done*****
